
RepoMan scours the neighborhood...
  manifest.bad                  4
   dev-db/soci/Manifest
   games-misc/fretsonfire/Manifest
   net-ftp/vsftpd-devnet/Manifest
   net-misc/pyneighborhood/Manifest
  DEPEND.bad                    20
   app-cdr/qlscribe/qlscribe-0.15.ebuild: ~amd64(hardened/linux/amd64/no-multilib/selinux) ['app-emulation/emul-linux-x86-baselibs']
   app-cdr/qlscribe/qlscribe-0.15.ebuild: ~amd64(hardened/linux/amd64/no-multilib) ['app-emulation/emul-linux-x86-baselibs']
   x11-misc/webilder/webilder-0.7.2.ebuild: ~amd64(hardened/linux/amd64/no-multilib/selinux) ['dev-libs/libappindicator:0']
   x11-misc/webilder/webilder-0.7.2.ebuild: ~amd64(hardened/linux/amd64/no-multilib) ['dev-libs/libappindicator:0']
   x11-misc/webilder/webilder-0.7.2.ebuild: ~amd64(hardened/linux/amd64/selinux) ['dev-libs/libappindicator:0']
   x11-misc/webilder/webilder-0.7.2.ebuild: ~amd64(hardened/linux/amd64) ['dev-libs/libappindicator:0']
   x11-misc/webilder/webilder-0.7.2.ebuild: ~amd64(default/linux/amd64/10.0/server) ['dev-libs/libappindicator:0']
   x11-misc/webilder/webilder-0.7.2.ebuild: ~amd64(default/linux/amd64/10.0/developer) ['dev-libs/libappindicator:0']
   x11-misc/webilder/webilder-0.7.2.ebuild: ~amd64(default/linux/amd64/10.0/desktop/kde) ['dev-libs/libappindicator:0']
   x11-misc/webilder/webilder-0.7.2.ebuild: ~amd64(default/linux/amd64/10.0/desktop/gnome) ['dev-libs/libappindicator:0']
   x11-misc/webilder/webilder-0.7.2.ebuild: ~amd64(default/linux/amd64/10.0/desktop) ['dev-libs/libappindicator:0']
   x11-misc/webilder/webilder-0.7.2.ebuild: ~amd64(default/linux/amd64/10.0) ['dev-libs/libappindicator:0']
   x11-misc/webilder/webilder-0.7.2.ebuild: ~x86(hardened/linux/x86/selinux) ['dev-libs/libappindicator:0']
   x11-misc/webilder/webilder-0.7.2.ebuild: ~x86(hardened/linux/x86) ['dev-libs/libappindicator:0']
   x11-misc/webilder/webilder-0.7.2.ebuild: ~x86(default/linux/x86/10.0/server) ['dev-libs/libappindicator:0']
   x11-misc/webilder/webilder-0.7.2.ebuild: ~x86(default/linux/x86/10.0/developer) ['dev-libs/libappindicator:0']
   x11-misc/webilder/webilder-0.7.2.ebuild: ~x86(default/linux/x86/10.0/desktop/kde) ['dev-libs/libappindicator:0']
   x11-misc/webilder/webilder-0.7.2.ebuild: ~x86(default/linux/x86/10.0/desktop/gnome) ['dev-libs/libappindicator:0']
   x11-misc/webilder/webilder-0.7.2.ebuild: ~x86(default/linux/x86/10.0/desktop) ['dev-libs/libappindicator:0']
   x11-misc/webilder/webilder-0.7.2.ebuild: ~x86(default/linux/x86/10.0) ['dev-libs/libappindicator:0']
  RDEPEND.bad                   40
   app-cdr/qlscribe/qlscribe-0.15.ebuild: ~amd64(hardened/linux/amd64/no-multilib/selinux) ['app-emulation/emul-linux-x86-baselibs']
   app-cdr/qlscribe/qlscribe-0.15.ebuild: ~amd64(hardened/linux/amd64/no-multilib) ['app-emulation/emul-linux-x86-baselibs']
   app-misc/rainlendar-lite/rainlendar-lite-2.3.ebuild: ~amd64(hardened/linux/amd64/no-multilib/selinux) ['app-emulation/emul-linux-x86-gtklibs', 'app-emulation/emul-linux-x86-xlibs']
   app-misc/rainlendar-lite/rainlendar-lite-2.3.ebuild: ~amd64(hardened/linux/amd64/no-multilib) ['app-emulation/emul-linux-x86-gtklibs', 'app-emulation/emul-linux-x86-xlibs']
   app-text/FoxitReader/FoxitReader-1.1.0.ebuild: ~amd64(hardened/linux/amd64/no-multilib/selinux) ['app-emulation/emul-linux-x86-baselibs', 'app-emulation/emul-linux-x86-xlibs', 'app-emulation/emul-linux-x86-gtklibs']
   app-text/FoxitReader/FoxitReader-1.1.0.ebuild: ~amd64(hardened/linux/amd64/no-multilib) ['app-emulation/emul-linux-x86-baselibs', 'app-emulation/emul-linux-x86-xlibs', 'app-emulation/emul-linux-x86-gtklibs']
   dev-libs/liblightscribe/liblightscribe-1.18.24.1.ebuild: ~amd64(hardened/linux/amd64/no-multilib/selinux) ['sys-libs/libstdc++-v3[multilib]']
   dev-libs/liblightscribe/liblightscribe-1.18.24.1.ebuild: ~amd64(hardened/linux/amd64/no-multilib) ['sys-libs/libstdc++-v3[multilib]']
   dev-util/adobe-air-sdk-bin/adobe-air-sdk-bin-1.5.3.ebuild: ~amd64(hardened/linux/amd64/no-multilib/selinux) ['app-emulation/emul-linux-x86-baselibs', 'app-emulation/emul-linux-x86-gtklibs']
   dev-util/adobe-air-sdk-bin/adobe-air-sdk-bin-1.5.3.ebuild: ~amd64(hardened/linux/amd64/no-multilib) ['app-emulation/emul-linux-x86-baselibs', 'app-emulation/emul-linux-x86-gtklibs']
   games-action/ballistics-demo/ballistics-demo-1.03.ebuild: ~amd64(hardened/linux/amd64/no-multilib/selinux) ['app-emulation/emul-linux-x86-gtklibs', 'app-emulation/emul-linux-x86-sdl']
   games-action/ballistics-demo/ballistics-demo-1.03.ebuild: ~amd64(hardened/linux/amd64/no-multilib) ['app-emulation/emul-linux-x86-gtklibs', 'app-emulation/emul-linux-x86-sdl']
   games-fps/postal2mp/postal2mp-1409.ebuild: ~amd64(hardened/linux/amd64/no-multilib/selinux) ['app-emulation/emul-linux-x86-sdl']
   games-fps/postal2mp/postal2mp-1409.ebuild: ~amd64(hardened/linux/amd64/no-multilib) ['app-emulation/emul-linux-x86-sdl']
   games-fps/prey/prey-20090219.ebuild: ~amd64(hardened/linux/amd64/no-multilib/selinux) ['app-emulation/emul-linux-x86-sdl', 'app-emulation/emul-linux-x86-sdl']
   games-fps/prey/prey-20090219.ebuild: ~amd64(hardened/linux/amd64/no-multilib) ['app-emulation/emul-linux-x86-sdl', 'app-emulation/emul-linux-x86-sdl']
   games-roguelike/dwarf-fortress/dwarf-fortress-0.34.05.ebuild: ~amd64(hardened/linux/amd64/no-multilib/selinux) ['app-emulation/emul-linux-x86-baselibs', 'app-emulation/emul-linux-x86-gtklibs', 'app-emulation/emul-linux-x86-opengl', 'app-emulation/emul-linux-x86-sdl', 'app-emulation/emul-linux-x86-soundlibs', 'app-emulation/emul-linux-x86-xlibs']
   games-roguelike/dwarf-fortress/dwarf-fortress-0.34.05.ebuild: ~amd64(hardened/linux/amd64/no-multilib) ['app-emulation/emul-linux-x86-baselibs', 'app-emulation/emul-linux-x86-gtklibs', 'app-emulation/emul-linux-x86-opengl', 'app-emulation/emul-linux-x86-sdl', 'app-emulation/emul-linux-x86-soundlibs', 'app-emulation/emul-linux-x86-xlibs']
   games-rpg/penumbra-collection/penumbra-collection-1.1.ebuild: ~amd64(hardened/linux/amd64/no-multilib/selinux) ['app-emulation/emul-linux-x86-sdl']
   games-rpg/penumbra-collection/penumbra-collection-1.1.ebuild: ~amd64(hardened/linux/amd64/no-multilib) ['app-emulation/emul-linux-x86-sdl']
   games-rpg/privateergold/privateergold-1.03.ebuild: ~amd64(hardened/linux/amd64/no-multilib/selinux) ['app-emulation/emul-linux-x86-baselibs', 'app-emulation/emul-linux-x86-gtklibs', 'app-emulation/emul-linux-x86-opengl', 'app-emulation/emul-linux-x86-xlibs']
   games-rpg/privateergold/privateergold-1.03.ebuild: ~amd64(hardened/linux/amd64/no-multilib) ['app-emulation/emul-linux-x86-baselibs', 'app-emulation/emul-linux-x86-gtklibs', 'app-emulation/emul-linux-x86-opengl', 'app-emulation/emul-linux-x86-xlibs']
   x11-misc/webilder/webilder-0.7.2.ebuild: ~amd64(hardened/linux/amd64/no-multilib/selinux) ['dev-libs/libappindicator:0']
   x11-misc/webilder/webilder-0.7.2.ebuild: ~amd64(hardened/linux/amd64/no-multilib) ['dev-libs/libappindicator:0']
   x11-misc/webilder/webilder-0.7.2.ebuild: ~amd64(hardened/linux/amd64/selinux) ['dev-libs/libappindicator:0']
   x11-misc/webilder/webilder-0.7.2.ebuild: ~amd64(hardened/linux/amd64) ['dev-libs/libappindicator:0']
   x11-misc/webilder/webilder-0.7.2.ebuild: ~amd64(default/linux/amd64/10.0/server) ['dev-libs/libappindicator:0']
   x11-misc/webilder/webilder-0.7.2.ebuild: ~amd64(default/linux/amd64/10.0/developer) ['dev-libs/libappindicator:0']
   x11-misc/webilder/webilder-0.7.2.ebuild: ~amd64(default/linux/amd64/10.0/desktop/kde) ['dev-libs/libappindicator:0']
   x11-misc/webilder/webilder-0.7.2.ebuild: ~amd64(default/linux/amd64/10.0/desktop/gnome) ['dev-libs/libappindicator:0']
   x11-misc/webilder/webilder-0.7.2.ebuild: ~amd64(default/linux/amd64/10.0/desktop) ['dev-libs/libappindicator:0']
   x11-misc/webilder/webilder-0.7.2.ebuild: ~amd64(default/linux/amd64/10.0) ['dev-libs/libappindicator:0']
   x11-misc/webilder/webilder-0.7.2.ebuild: ~x86(hardened/linux/x86/selinux) ['dev-libs/libappindicator:0']
   x11-misc/webilder/webilder-0.7.2.ebuild: ~x86(hardened/linux/x86) ['dev-libs/libappindicator:0']
   x11-misc/webilder/webilder-0.7.2.ebuild: ~x86(default/linux/x86/10.0/server) ['dev-libs/libappindicator:0']
   x11-misc/webilder/webilder-0.7.2.ebuild: ~x86(default/linux/x86/10.0/developer) ['dev-libs/libappindicator:0']
   x11-misc/webilder/webilder-0.7.2.ebuild: ~x86(default/linux/x86/10.0/desktop/kde) ['dev-libs/libappindicator:0']
   x11-misc/webilder/webilder-0.7.2.ebuild: ~x86(default/linux/x86/10.0/desktop/gnome) ['dev-libs/libappindicator:0']
   x11-misc/webilder/webilder-0.7.2.ebuild: ~x86(default/linux/x86/10.0/desktop) ['dev-libs/libappindicator:0']
   x11-misc/webilder/webilder-0.7.2.ebuild: ~x86(default/linux/x86/10.0) ['dev-libs/libappindicator:0']
  upstream.workaround           15
   app-misc/atol/atol-0.7.3.ebuild: Upstream parallel compilation bug (MAKEOPTS=-j1 on line: 23)
   app-misc/gpspoint/gpspoint-2.101212.ebuild: Upstream parallel compilation bug (ebuild calls emake -j1 on line: 21)
   dev-cpp/libcwd/libcwd-0.99.47.ebuild: Upstream parallel compilation bug (ebuild calls emake -j1 on line: 48)
   dev-lang/dmd/dmd-1.066.ebuild: Upstream asneeded linking bug (no-as-needed on line: 43)
   dev-lang/dmd/dmd-1.066.ebuild: Upstream parallel compilation bug (ebuild calls emake -j1 on line: 57)
   dev-lang/scheme2c/scheme2c-9999.ebuild: Upstream parallel compilation bug (ebuild calls emake -j1 on line: 44)
   dev-libs/libnds/libnds-1.4.3.ebuild: Upstream parallel compilation bug (ebuild calls emake -j1 on line: 25)
   dev-libs/libplayer/libplayer-1.0.0.ebuild: Upstream parallel compilation bug (ebuild calls emake -j1 on line: 74)
   dev-util/tla/tla-1.3.5.ebuild: Upstream parallel compilation bug (ebuild calls emake -j1 on line: 28)
   media-gfx/fim/fim-0.1_alpha.ebuild: Upstream parallel compilation bug (ebuild calls emake -j1 on line: 48)
   media-video/swfmill/swfmill-0.3.2.ebuild: Upstream parallel compilation bug (ebuild calls emake -j1 on line: 32)
   net-misc/xorp/xorp-1.4.ebuild: Upstream parallel compilation bug (ebuild calls emake -j1 on line: 39)
   sys-apps/pcp/pcp-2.5.0.ebuild: Upstream parallel compilation bug (ebuild calls emake -j1 on line: 22)
   sys-fs/aufs-utils/aufs-utils-9999.ebuild: Upstream parallel compilation bug (ebuild calls emake -j1 on line: 21)
   x11-plugins/pidgin-embeddedvideo/pidgin-embeddedvideo-1.1.2.ebuild: Upstream parallel compilation bug (ebuild calls emake -j1 on line: 28)
  KEYWORDS.missing              3
   app-office/wiipresent/wiipresent-0.7.5.2.ebuild
   sys-fs/boxfs/boxfs-0.7.ebuild
   www-apps/obsidianmusic/obsidianmusic-2.0.5.4.ebuild

Note: use --without-mask to check KEYWORDS on dependencies of masked packages
Note: use --include-dev (-d) to check dependencies for 'dev' profiles

Please fix these important QA issues first.
RepoMan sez: "Make your QA payment on time and you'll never see the likes of me."

